/bin/sh: 1: 6: not found
2024-08-26 17:45:40,178:INFO:Starting Selenium
2024-08-26 17:46:00,158:INFO:Enviando mensagem 1 de 21...
2024-08-26 17:46:07,758:INFO:11959039096 OK!
2024-08-26 17:46:07,759:INFO:Enviando mensagem 2 de 21...
2024-08-26 17:46:07,759:ERROR:1135390507 Número de Telefone Inválido!
2024-08-26 17:46:07,759:INFO:Enviando mensagem 3 de 21...
2024-08-26 17:46:09,286:INFO:Todos os processos do Chrome foram fechados.
2024-08-26 18:07:38,227:INFO:Starting Selenium
2024-08-26 18:07:48,724:ERROR:No data to process
2024-08-26 18:07:48,725:INFO:Closing Selenium
2024-08-26 18:07:49,011:INFO:Todos os processos do Chrome foram fechados.
2024-08-26 18:08:10,004:INFO:Starting Selenium
2024-08-26 18:08:18,789:ERROR:No data to process
2024-08-26 18:08:18,791:INFO:Closing Selenium
2024-08-26 18:08:18,988:INFO:Todos os processos do Chrome foram fechados.
2024-08-26 18:08:55,360:INFO:Starting Selenium
2024-08-26 18:09:14,799:INFO:Enviando mensagem 1 de 17...
2024-08-26 18:09:15,006:ERROR:Message: no such element: Unable to locate element: {"method":"xpath","selector":"//select[@ng-model='novoAtendimentoNovoContato.canalChave']"}
  (Session info: chrome=127.0.6533.119); For documentation on this error, please visit: https://www.selenium.dev/documentation/webdriver/troubleshooting/errors#no-such-element-exception
Stacktrace:
#0 0x5db44cc71c7a <unknown>
#1 0x5db44c954e2c <unknown>
#2 0x5db44c9a1661 <unknown>
#3 0x5db44c9a1751 <unknown>
#4 0x5db44c9e5f64 <unknown>
#5 0x5db44c9c45ed <unknown>
#6 0x5db44c9e3303 <unknown>
#7 0x5db44c9c4363 <unknown>
#8 0x5db44c994247 <unknown>
#9 0x5db44c994b9e <unknown>
#10 0x5db44cc3824b <unknown>
#11 0x5db44cc3c2f1 <unknown>
#12 0x5db44cc23afe <unknown>
#13 0x5db44cc3ce52 <unknown>
#14 0x5db44cc0879f <unknown>
#15 0x5db44cc61638 <unknown>
#16 0x5db44cc61810 <unknown>
#17 0x5db44cc70dac <unknown>
#18 0x7acbcac94ac3 <unknown>

2024-08-26 18:09:15,007:INFO:Enviando mensagem 2 de 17...
2024-08-26 18:09:17,950:ERROR:Message: element click intercepted: Element <div ng-if="permissions.criarAtendimentoAtivo" class="left-menu-pesquisa-icone ng-scope" ng-click="onMostrarModalCriarAtendimentoNovoContato()" title="Create Attendance" style="">...</div> is not clickable at point (407, 164). Other element would receive the click: <div class="col-sm-12">...</div>
  (Session info: chrome=127.0.6533.119)
Stacktrace:
#0 0x5db44cc71c7a <unknown>
#1 0x5db44c954e2c <unknown>
#2 0x5db44c9a8406 <unknown>
#3 0x5db44c9a6246 <unknown>
#4 0x5db44c9a3c27 <unknown>
#5 0x5db44c9a2a60 <unknown>
#6 0x5db44c99615f <unknown>
#7 0x5db44c9c45c2 <unknown>
#8 0x5db44c995ad9 <unknown>
#9 0x5db44c9c478e <unknown>
#10 0x5db44c9e3303 <unknown>
#11 0x5db44c9c4363 <unknown>
#12 0x5db44c994247 <unknown>
#13 0x5db44c994b9e <unknown>
#14 0x5db44cc3824b <unknown>
#15 0x5db44cc3c2f1 <unknown>
#16 0x5db44cc23afe <unknown>
#17 0x5db44cc3ce52 <unknown>
#18 0x5db44cc0879f <unknown>
#19 0x5db44cc61638 <unknown>
#20 0x5db44cc61810 <unknown>
#21 0x5db44cc70dac <unknown>
#22 0x7acbcac94ac3 <unknown>

2024-08-26 18:09:17,955:INFO:Enviando mensagem 3 de 17...
2024-08-26 18:09:20,400:ERROR:Message: element click intercepted: Element <div ng-if="permissions.criarAtendimentoAtivo" class="left-menu-pesquisa-icone ng-scope" ng-click="onMostrarModalCriarAtendimentoNovoContato()" title="Create Attendance" style="">...</div> is not clickable at point (407, 164). Other element would receive the click: <div class="col-sm-12">...</div>
  (Session info: chrome=127.0.6533.119)
Stacktrace:
#0 0x5db44cc71c7a <unknown>
#1 0x5db44c954e2c <unknown>
#2 0x5db44c9a8406 <unknown>
#3 0x5db44c9a6246 <unknown>
#4 0x5db44c9a3c27 <unknown>
#5 0x5db44c9a2a60 <unknown>
#6 0x5db44c99615f <unknown>
#7 0x5db44c9c45c2 <unknown>
#8 0x5db44c995ad9 <unknown>
#9 0x5db44c9c478e <unknown>
#10 0x5db44c9e3303 <unknown>
#11 0x5db44c9c4363 <unknown>
#12 0x5db44c994247 <unknown>
#13 0x5db44c994b9e <unknown>
#14 0x5db44cc3824b <unknown>
#15 0x5db44cc3c2f1 <unknown>
#16 0x5db44cc23afe <unknown>
#17 0x5db44cc3ce52 <unknown>
#18 0x5db44cc0879f <unknown>
#19 0x5db44cc61638 <unknown>
#20 0x5db44cc61810 <unknown>
#21 0x5db44cc70dac <unknown>
#22 0x7acbcac94ac3 <unknown>

2024-08-26 18:09:20,401:INFO:Enviando mensagem 4 de 17...
2024-08-26 18:09:22,743:ERROR:Message: element click intercepted: Element <div ng-if="permissions.criarAtendimentoAtivo" class="left-menu-pesquisa-icone ng-scope" ng-click="onMostrarModalCriarAtendimentoNovoContato()" title="Create Attendance" style="">...</div> is not clickable at point (407, 164). Other element would receive the click: <div class="col-sm-12">...</div>
  (Session info: chrome=127.0.6533.119)
Stacktrace:
#0 0x5db44cc71c7a <unknown>
#1 0x5db44c954e2c <unknown>
#2 0x5db44c9a8406 <unknown>
#3 0x5db44c9a6246 <unknown>
#4 0x5db44c9a3c27 <unknown>
#5 0x5db44c9a2a60 <unknown>
#6 0x5db44c99615f <unknown>
#7 0x5db44c9c45c2 <unknown>
#8 0x5db44c995ad9 <unknown>
#9 0x5db44c9c478e <unknown>
#10 0x5db44c9e3303 <unknown>
#11 0x5db44c9c4363 <unknown>
#12 0x5db44c994247 <unknown>
#13 0x5db44c994b9e <unknown>
#14 0x5db44cc3824b <unknown>
#15 0x5db44cc3c2f1 <unknown>
#16 0x5db44cc23afe <unknown>
#17 0x5db44cc3ce52 <unknown>
#18 0x5db44cc0879f <unknown>
#19 0x5db44cc61638 <unknown>
#20 0x5db44cc61810 <unknown>
#21 0x5db44cc70dac <unknown>
#22 0x7acbcac94ac3 <unknown>

2024-08-26 18:09:22,744:INFO:Enviando mensagem 5 de 17...
2024-08-26 18:09:25,093:ERROR:Message: element click intercepted: Element <div ng-if="permissions.criarAtendimentoAtivo" class="left-menu-pesquisa-icone ng-scope" ng-click="onMostrarModalCriarAtendimentoNovoContato()" title="Create Attendance" style="">...</div> is not clickable at point (407, 164). Other element would receive the click: <div class="col-sm-12">...</div>
  (Session info: chrome=127.0.6533.119)
Stacktrace:
#0 0x5db44cc71c7a <unknown>
#1 0x5db44c954e2c <unknown>
#2 0x5db44c9a8406 <unknown>
#3 0x5db44c9a6246 <unknown>
#4 0x5db44c9a3c27 <unknown>
#5 0x5db44c9a2a60 <unknown>
#6 0x5db44c99615f <unknown>
#7 0x5db44c9c45c2 <unknown>
#8 0x5db44c995ad9 <unknown>
#9 0x5db44c9c478e <unknown>
#10 0x5db44c9e3303 <unknown>
#11 0x5db44c9c4363 <unknown>
#12 0x5db44c994247 <unknown>
#13 0x5db44c994b9e <unknown>
#14 0x5db44cc3824b <unknown>
#15 0x5db44cc3c2f1 <unknown>
#16 0x5db44cc23afe <unknown>
#17 0x5db44cc3ce52 <unknown>
#18 0x5db44cc0879f <unknown>
#19 0x5db44cc61638 <unknown>
#20 0x5db44cc61810 <unknown>
#21 0x5db44cc70dac <unknown>
#22 0x7acbcac94ac3 <unknown>

2024-08-26 18:09:25,094:INFO:Enviando mensagem 6 de 17...
2024-08-26 18:09:27,476:ERROR:Message: element click intercepted: Element <div ng-if="permissions.criarAtendimentoAtivo" class="left-menu-pesquisa-icone ng-scope" ng-click="onMostrarModalCriarAtendimentoNovoContato()" title="Create Attendance" style="">...</div> is not clickable at point (407, 164). Other element would receive the click: <div class="col-sm-12">...</div>
  (Session info: chrome=127.0.6533.119)
Stacktrace:
#0 0x5db44cc71c7a <unknown>
#1 0x5db44c954e2c <unknown>
#2 0x5db44c9a8406 <unknown>
#3 0x5db44c9a6246 <unknown>
#4 0x5db44c9a3c27 <unknown>
#5 0x5db44c9a2a60 <unknown>
#6 0x5db44c99615f <unknown>
#7 0x5db44c9c45c2 <unknown>
#8 0x5db44c995ad9 <unknown>
#9 0x5db44c9c478e <unknown>
#10 0x5db44c9e3303 <unknown>
#11 0x5db44c9c4363 <unknown>
#12 0x5db44c994247 <unknown>
#13 0x5db44c994b9e <unknown>
#14 0x5db44cc3824b <unknown>
#15 0x5db44cc3c2f1 <unknown>
#16 0x5db44cc23afe <unknown>
#17 0x5db44cc3ce52 <unknown>
#18 0x5db44cc0879f <unknown>
#19 0x5db44cc61638 <unknown>
#20 0x5db44cc61810 <unknown>
#21 0x5db44cc70dac <unknown>
#22 0x7acbcac94ac3 <unknown>

2024-08-26 18:09:27,477:INFO:Enviando mensagem 7 de 17...
2024-08-26 18:09:29,864:ERROR:Message: element click intercepted: Element <div ng-if="permissions.criarAtendimentoAtivo" class="left-menu-pesquisa-icone ng-scope" ng-click="onMostrarModalCriarAtendimentoNovoContato()" title="Create Attendance" style="">...</div> is not clickable at point (407, 164). Other element would receive the click: <div class="col-sm-12">...</div>
  (Session info: chrome=127.0.6533.119)
Stacktrace:
#0 0x5db44cc71c7a <unknown>
#1 0x5db44c954e2c <unknown>
#2 0x5db44c9a8406 <unknown>
#3 0x5db44c9a6246 <unknown>
#4 0x5db44c9a3c27 <unknown>
#5 0x5db44c9a2a60 <unknown>
#6 0x5db44c99615f <unknown>
#7 0x5db44c9c45c2 <unknown>
#8 0x5db44c995ad9 <unknown>
#9 0x5db44c9c478e <unknown>
#10 0x5db44c9e3303 <unknown>
#11 0x5db44c9c4363 <unknown>
#12 0x5db44c994247 <unknown>
#13 0x5db44c994b9e <unknown>
#14 0x5db44cc3824b <unknown>
#15 0x5db44cc3c2f1 <unknown>
#16 0x5db44cc23afe <unknown>
#17 0x5db44cc3ce52 <unknown>
#18 0x5db44cc0879f <unknown>
#19 0x5db44cc61638 <unknown>
#20 0x5db44cc61810 <unknown>
#21 0x5db44cc70dac <unknown>
#22 0x7acbcac94ac3 <unknown>

2024-08-26 18:09:29,865:INFO:Enviando mensagem 8 de 17...
2024-08-26 18:09:32,287:ERROR:Message: element click intercepted: Element <div ng-if="permissions.criarAtendimentoAtivo" class="left-menu-pesquisa-icone ng-scope" ng-click="onMostrarModalCriarAtendimentoNovoContato()" title="Create Attendance" style="">...</div> is not clickable at point (407, 164). Other element would receive the click: <div class="col-sm-12">...</div>
  (Session info: chrome=127.0.6533.119)
Stacktrace:
#0 0x5db44cc71c7a <unknown>
#1 0x5db44c954e2c <unknown>
#2 0x5db44c9a8406 <unknown>
#3 0x5db44c9a6246 <unknown>
#4 0x5db44c9a3c27 <unknown>
#5 0x5db44c9a2a60 <unknown>
#6 0x5db44c99615f <unknown>
#7 0x5db44c9c45c2 <unknown>
#8 0x5db44c995ad9 <unknown>
#9 0x5db44c9c478e <unknown>
#10 0x5db44c9e3303 <unknown>
#11 0x5db44c9c4363 <unknown>
#12 0x5db44c994247 <unknown>
#13 0x5db44c994b9e <unknown>
#14 0x5db44cc3824b <unknown>
#15 0x5db44cc3c2f1 <unknown>
#16 0x5db44cc23afe <unknown>
#17 0x5db44cc3ce52 <unknown>
#18 0x5db44cc0879f <unknown>
#19 0x5db44cc61638 <unknown>
#20 0x5db44cc61810 <unknown>
#21 0x5db44cc70dac <unknown>
#22 0x7acbcac94ac3 <unknown>

2024-08-26 18:09:32,288:INFO:Enviando mensagem 9 de 17...
2024-08-26 18:09:34,701:ERROR:Message: element click intercepted: Element <div ng-if="permissions.criarAtendimentoAtivo" class="left-menu-pesquisa-icone ng-scope" ng-click="onMostrarModalCriarAtendimentoNovoContato()" title="Create Attendance" style="">...</div> is not clickable at point (407, 164). Other element would receive the click: <div class="col-sm-12">...</div>
  (Session info: chrome=127.0.6533.119)
Stacktrace:
#0 0x5db44cc71c7a <unknown>
#1 0x5db44c954e2c <unknown>
#2 0x5db44c9a8406 <unknown>
#3 0x5db44c9a6246 <unknown>
#4 0x5db44c9a3c27 <unknown>
#5 0x5db44c9a2a60 <unknown>
#6 0x5db44c99615f <unknown>
#7 0x5db44c9c45c2 <unknown>
#8 0x5db44c995ad9 <unknown>
#9 0x5db44c9c478e <unknown>
#10 0x5db44c9e3303 <unknown>
#11 0x5db44c9c4363 <unknown>
#12 0x5db44c994247 <unknown>
#13 0x5db44c994b9e <unknown>
#14 0x5db44cc3824b <unknown>
#15 0x5db44cc3c2f1 <unknown>
#16 0x5db44cc23afe <unknown>
#17 0x5db44cc3ce52 <unknown>
#18 0x5db44cc0879f <unknown>
#19 0x5db44cc61638 <unknown>
#20 0x5db44cc61810 <unknown>
#21 0x5db44cc70dac <unknown>
#22 0x7acbcac94ac3 <unknown>

2024-08-26 18:09:34,702:INFO:Enviando mensagem 10 de 17...
2024-08-26 18:09:37,107:ERROR:Message: element click intercepted: Element <div ng-if="permissions.criarAtendimentoAtivo" class="left-menu-pesquisa-icone ng-scope" ng-click="onMostrarModalCriarAtendimentoNovoContato()" title="Create Attendance" style="">...</div> is not clickable at point (407, 164). Other element would receive the click: <div class="col-sm-12">...</div>
  (Session info: chrome=127.0.6533.119)
Stacktrace:
#0 0x5db44cc71c7a <unknown>
#1 0x5db44c954e2c <unknown>
#2 0x5db44c9a8406 <unknown>
#3 0x5db44c9a6246 <unknown>
#4 0x5db44c9a3c27 <unknown>
#5 0x5db44c9a2a60 <unknown>
#6 0x5db44c99615f <unknown>
#7 0x5db44c9c45c2 <unknown>
#8 0x5db44c995ad9 <unknown>
#9 0x5db44c9c478e <unknown>
#10 0x5db44c9e3303 <unknown>
#11 0x5db44c9c4363 <unknown>
#12 0x5db44c994247 <unknown>
#13 0x5db44c994b9e <unknown>
#14 0x5db44cc3824b <unknown>
#15 0x5db44cc3c2f1 <unknown>
#16 0x5db44cc23afe <unknown>
#17 0x5db44cc3ce52 <unknown>
#18 0x5db44cc0879f <unknown>
#19 0x5db44cc61638 <unknown>
#20 0x5db44cc61810 <unknown>
#21 0x5db44cc70dac <unknown>
#22 0x7acbcac94ac3 <unknown>

2024-08-26 18:09:37,108:INFO:Enviando mensagem 11 de 17...
2024-08-26 18:09:39,496:ERROR:Message: element click intercepted: Element <div ng-if="permissions.criarAtendimentoAtivo" class="left-menu-pesquisa-icone ng-scope" ng-click="onMostrarModalCriarAtendimentoNovoContato()" title="Create Attendance" style="">...</div> is not clickable at point (407, 164). Other element would receive the click: <div class="col-sm-12">...</div>
  (Session info: chrome=127.0.6533.119)
Stacktrace:
#0 0x5db44cc71c7a <unknown>
#1 0x5db44c954e2c <unknown>
#2 0x5db44c9a8406 <unknown>
#3 0x5db44c9a6246 <unknown>
#4 0x5db44c9a3c27 <unknown>
#5 0x5db44c9a2a60 <unknown>
#6 0x5db44c99615f <unknown>
#7 0x5db44c9c45c2 <unknown>
#8 0x5db44c995ad9 <unknown>
#9 0x5db44c9c478e <unknown>
#10 0x5db44c9e3303 <unknown>
#11 0x5db44c9c4363 <unknown>
#12 0x5db44c994247 <unknown>
#13 0x5db44c994b9e <unknown>
#14 0x5db44cc3824b <unknown>
#15 0x5db44cc3c2f1 <unknown>
#16 0x5db44cc23afe <unknown>
#17 0x5db44cc3ce52 <unknown>
#18 0x5db44cc0879f <unknown>
#19 0x5db44cc61638 <unknown>
#20 0x5db44cc61810 <unknown>
#21 0x5db44cc70dac <unknown>
#22 0x7acbcac94ac3 <unknown>

2024-08-26 18:09:39,497:INFO:Enviando mensagem 12 de 17...
2024-08-26 18:09:41,900:ERROR:Message: element click intercepted: Element <div ng-if="permissions.criarAtendimentoAtivo" class="left-menu-pesquisa-icone ng-scope" ng-click="onMostrarModalCriarAtendimentoNovoContato()" title="Create Attendance" style="">...</div> is not clickable at point (407, 164). Other element would receive the click: <div class="col-sm-12">...</div>
  (Session info: chrome=127.0.6533.119)
Stacktrace:
#0 0x5db44cc71c7a <unknown>
#1 0x5db44c954e2c <unknown>
#2 0x5db44c9a8406 <unknown>
#3 0x5db44c9a6246 <unknown>
#4 0x5db44c9a3c27 <unknown>
#5 0x5db44c9a2a60 <unknown>
#6 0x5db44c99615f <unknown>
#7 0x5db44c9c45c2 <unknown>
#8 0x5db44c995ad9 <unknown>
#9 0x5db44c9c478e <unknown>
#10 0x5db44c9e3303 <unknown>
#11 0x5db44c9c4363 <unknown>
#12 0x5db44c994247 <unknown>
#13 0x5db44c994b9e <unknown>
#14 0x5db44cc3824b <unknown>
#15 0x5db44cc3c2f1 <unknown>
#16 0x5db44cc23afe <unknown>
#17 0x5db44cc3ce52 <unknown>
#18 0x5db44cc0879f <unknown>
#19 0x5db44cc61638 <unknown>
#20 0x5db44cc61810 <unknown>
#21 0x5db44cc70dac <unknown>
#22 0x7acbcac94ac3 <unknown>

2024-08-26 18:09:41,901:INFO:Enviando mensagem 13 de 17...
2024-08-26 18:09:44,464:ERROR:Message: element click intercepted: Element <div ng-if="permissions.criarAtendimentoAtivo" class="left-menu-pesquisa-icone ng-scope" ng-click="onMostrarModalCriarAtendimentoNovoContato()" title="Create Attendance" style="">...</div> is not clickable at point (407, 164). Other element would receive the click: <div class="col-sm-12">...</div>
  (Session info: chrome=127.0.6533.119)
Stacktrace:
#0 0x5db44cc71c7a <unknown>
#1 0x5db44c954e2c <unknown>
#2 0x5db44c9a8406 <unknown>
#3 0x5db44c9a6246 <unknown>
#4 0x5db44c9a3c27 <unknown>
#5 0x5db44c9a2a60 <unknown>
#6 0x5db44c99615f <unknown>
#7 0x5db44c9c45c2 <unknown>
#8 0x5db44c995ad9 <unknown>
#9 0x5db44c9c478e <unknown>
#10 0x5db44c9e3303 <unknown>
#11 0x5db44c9c4363 <unknown>
#12 0x5db44c994247 <unknown>
#13 0x5db44c994b9e <unknown>
#14 0x5db44cc3824b <unknown>
#15 0x5db44cc3c2f1 <unknown>
#16 0x5db44cc23afe <unknown>
#17 0x5db44cc3ce52 <unknown>
#18 0x5db44cc0879f <unknown>
#19 0x5db44cc61638 <unknown>
#20 0x5db44cc61810 <unknown>
#21 0x5db44cc70dac <unknown>
#22 0x7acbcac94ac3 <unknown>

2024-08-26 18:09:44,465:INFO:Enviando mensagem 14 de 17...
2024-08-26 18:09:46,832:ERROR:Message: element click intercepted: Element <div ng-if="permissions.criarAtendimentoAtivo" class="left-menu-pesquisa-icone ng-scope" ng-click="onMostrarModalCriarAtendimentoNovoContato()" title="Create Attendance" style="">...</div> is not clickable at point (407, 164). Other element would receive the click: <div class="col-sm-12">...</div>
  (Session info: chrome=127.0.6533.119)
Stacktrace:
#0 0x5db44cc71c7a <unknown>
#1 0x5db44c954e2c <unknown>
#2 0x5db44c9a8406 <unknown>
#3 0x5db44c9a6246 <unknown>
#4 0x5db44c9a3c27 <unknown>
#5 0x5db44c9a2a60 <unknown>
#6 0x5db44c99615f <unknown>
#7 0x5db44c9c45c2 <unknown>
#8 0x5db44c995ad9 <unknown>
#9 0x5db44c9c478e <unknown>
#10 0x5db44c9e3303 <unknown>
#11 0x5db44c9c4363 <unknown>
#12 0x5db44c994247 <unknown>
#13 0x5db44c994b9e <unknown>
#14 0x5db44cc3824b <unknown>
#15 0x5db44cc3c2f1 <unknown>
#16 0x5db44cc23afe <unknown>
#17 0x5db44cc3ce52 <unknown>
#18 0x5db44cc0879f <unknown>
#19 0x5db44cc61638 <unknown>
#20 0x5db44cc61810 <unknown>
#21 0x5db44cc70dac <unknown>
#22 0x7acbcac94ac3 <unknown>

2024-08-26 18:09:46,834:INFO:Enviando mensagem 15 de 17...
2024-08-26 18:09:58,857:INFO:59491402133 OK!
2024-08-26 18:09:58,858:INFO:Enviando mensagem 16 de 17...
2024-08-26 18:10:11,766:INFO:11962763230 OK!
2024-08-26 18:10:11,767:INFO:Enviando mensagem 17 de 17...
2024-08-26 18:10:25,779:INFO:11964815029 OK!
2024-08-26 18:10:25,982:INFO:Closing Selenium
2024-08-26 18:10:26,225:INFO:Starting Selenium
2024-08-26 18:10:44,920:INFO:Enviando mensagem 1 de 14...
2024-08-26 18:10:58,527:INFO:11978364714 OK!
2024-08-26 18:10:58,528:INFO:Enviando mensagem 2 de 14...
2024-08-26 18:11:12,289:INFO:11991656878 OK!
2024-08-26 18:11:12,290:INFO:Enviando mensagem 3 de 14...
2024-08-26 18:11:23,464:INFO:11913326987 OK!
2024-08-26 18:11:23,464:INFO:Enviando mensagem 4 de 14...
2024-08-26 18:11:36,331:INFO:11984024969 OK!
2024-08-26 18:11:36,332:INFO:Enviando mensagem 5 de 14...
2024-08-26 18:11:49,712:INFO:11981185132 OK!
2024-08-26 18:11:49,713:INFO:Enviando mensagem 6 de 14...
2024-08-26 18:11:58,181:ERROR:EMILY HELOISE FERREIRA DOS SANTOS Erro: Ops, Chat já ativo.
2024-08-26 18:11:58,182:INFO:Enviando mensagem 7 de 14...
2024-08-26 18:12:10,380:INFO:11994448223 OK!
2024-08-26 18:12:10,380:INFO:Enviando mensagem 8 de 14...
2024-08-26 18:12:25,662:INFO:11984517303 OK!
2024-08-26 18:12:25,663:INFO:Enviando mensagem 9 de 14...
2024-08-26 18:12:40,533:INFO:11965994698 OK!
2024-08-26 18:12:40,534:INFO:Enviando mensagem 10 de 14...
2024-08-26 18:12:56,400:INFO:21981135321 OK!
2024-08-26 18:12:56,400:INFO:Enviando mensagem 11 de 14...
2024-08-26 18:13:12,396:INFO:73988072250 OK!
2024-08-26 18:13:12,397:INFO:Enviando mensagem 12 de 14...
2024-08-26 18:13:30,360:INFO:11967860034 OK!
2024-08-26 18:13:30,360:INFO:Enviando mensagem 13 de 14...
2024-08-26 18:13:50,551:INFO:11947911016 OK!
2024-08-26 18:13:50,551:INFO:Enviando mensagem 14 de 14...
2024-08-26 18:14:11,033:INFO:21996405958 OK!
2024-08-26 18:14:12,270:INFO:Closing Selenium
2024-08-26 18:14:12,517:INFO:Todos os processos do Chrome foram fechados.
